2025-12-02 10:03:46,049 | INFO | Logger test successful
2025-12-02 10:05:19,546 | INFO | MARKET ORDER FAILED | BUY 0.001 BTCUSDT | Error: APIError(code=-4164): Order's notional must be no smaller than 100 (unless you choose reduce only).
2025-12-02 10:09:06,456 | INFO | MARKET ORDER SUCCESS | BUY 0.01 ETHUSDT | OrderId: 7603892625
2025-12-02 10:11:52,761 | INFO | LIMIT ORDER SUCCESS | BUY 0.01 ETHUSDT @ 2155 | OrderId: 7603893143
2025-12-02 10:14:19,876 | INFO | STOP-LIMIT FAILED | BUY 0.01 ETHUSDT | Stop=2200 Limit=2198 | Error: APIError(code=-2021): Order would immediately trigger.
2025-12-02 10:16:34,386 | INFO | OCO FAILED | BUY 0.01 ETHUSDT | TP=2300 SL=200 | Error: APIError(code=-1021): Timestamp for this request was 1000ms ahead of the server's time.
2025-12-02 10:16:44,592 | INFO | OCO FAILED | BUY 0.01 ETHUSDT | TP=2300 SL=2000 | Error: APIError(code=-2021): Order would immediately trigger.
2025-12-02 10:19:23,670 | INFO | TWAP START | BUY 0.05 ETHUSDT | 5 chunks | delay=2s
2025-12-02 10:19:23,985 | INFO | MARKET ORDER SUCCESS | BUY 0.01 ETHUSDT | OrderId: 7603894574
2025-12-02 10:19:23,985 | INFO | TWAP EXECUTED CHUNK 1/5 | BUY 0.01 ETHUSDT
2025-12-02 10:19:26,254 | INFO | MARKET ORDER SUCCESS | BUY 0.01 ETHUSDT | OrderId: 7603894584
2025-12-02 10:19:26,254 | INFO | TWAP EXECUTED CHUNK 2/5 | BUY 0.01 ETHUSDT
2025-12-02 10:19:28,449 | INFO | MARKET ORDER SUCCESS | BUY 0.01 ETHUSDT | OrderId: 7603894599
2025-12-02 10:19:28,450 | INFO | TWAP EXECUTED CHUNK 3/5 | BUY 0.01 ETHUSDT
2025-12-02 10:19:30,622 | INFO | MARKET ORDER SUCCESS | BUY 0.01 ETHUSDT | OrderId: 7603894607
2025-12-02 10:19:30,623 | INFO | TWAP EXECUTED CHUNK 4/5 | BUY 0.01 ETHUSDT
2025-12-02 10:19:32,857 | INFO | MARKET ORDER SUCCESS | BUY 0.01 ETHUSDT | OrderId: 7603894631
2025-12-02 10:19:32,858 | INFO | TWAP EXECUTED CHUNK 5/5 | BUY 0.01 ETHUSDT
2025-12-02 10:19:32,858 | INFO | TWAP FINISHED | BUY 0.05 ETHUSDT
2025-12-02 10:21:27,042 | INFO | GRID START | BUY 0.05 ETHUSDT | range 2000-2300 | grids=5
2025-12-02 10:21:27,044 | INFO | GRID LEVEL 1/5 | Target Price=2000.0 | Order Qty=0.01
2025-12-02 10:21:27,317 | INFO | MARKET ORDER SUCCESS | BUY 0.01 ETHUSDT | OrderId: 7603894944
2025-12-02 10:21:27,318 | INFO | GRID LEVEL 2/5 | Target Price=2060.0 | Order Qty=0.01
2025-12-02 10:21:27,576 | INFO | MARKET ORDER SUCCESS | BUY 0.01 ETHUSDT | OrderId: 7603894946
2025-12-02 10:21:27,576 | INFO | GRID LEVEL 3/5 | Target Price=2120.0 | Order Qty=0.01
2025-12-02 10:21:27,786 | INFO | MARKET ORDER SUCCESS | BUY 0.01 ETHUSDT | OrderId: 7603894948
2025-12-02 10:21:27,787 | INFO | GRID LEVEL 4/5 | Target Price=2180.0 | Order Qty=0.01
2025-12-02 10:21:28,108 | INFO | MARKET ORDER SUCCESS | BUY 0.01 ETHUSDT | OrderId: 7603894953
2025-12-02 10:21:28,109 | INFO | GRID LEVEL 5/5 | Target Price=2240.0 | Order Qty=0.01
2025-12-02 10:21:28,524 | INFO | MARKET ORDER SUCCESS | BUY 0.01 ETHUSDT | OrderId: 7603894956
2025-12-02 10:21:28,525 | INFO | GRID FINISHED | BUY 0.05 ETHUSDT
